<?xml version="1.0" encoding="UTF-8"?>
<testsuite xmlns:xsi="http://www.w3.org/2001/XMLSchema-instance" xsi:noNamespaceSchemaLocation="https://maven.apache.org/surefire/maven-surefire-plugin/xsd/surefire-test-report-3.0.xsd" version="3.0" name="com.apitesting.GetUserByIdTest" time="3.625" tests="4" errors="0" skipped="0" failures="0">
  <properties>
[...]
</properties>
  <testcase name="tc01" classname="com.apitesting.GetUserByIdTest" time="2.519"/>
  <testcase name="tc02" classname="com.apitesting.GetUserByIdTest" time="0.353"/>
  <testcase name="tc03" classname="com.apitesting.GetUserByIdTest" time="0.381"/>
  <testcase name="tc04" classname="com.apitesting.GetUserByIdTest" time="0.349"/>
</testsuite>