<?xml version="1.0" encoding="UTF-8"?>
<testsuite xmlns:xsi="http://www.w3.org/2001/XMLSchema-instance" xsi:noNamespaceSchemaLocation="https://maven.apache.org/surefire/maven-surefire-plugin/xsd/surefire-test-report-3.0.xsd" version="3.0" name="com.apitesting.CreateUserTest" time="4.158" tests="5" errors="0" skipped="0" failures="0">
  <properties>
[...]
</properties>
  <testcase name="TC03_Dengan_appId_valid" classname="com.apitesting.CreateUserTest" time="2.704"/>
  <testcase name="TC02_Dengan_appId_tidak_valid" classname="com.apitesting.CreateUserTest" time="0.354"/>
  <testcase name="TC01_Tanpa_appId" classname="com.apitesting.CreateUserTest" time="0.337"/>
  <testcase name="TC07_Field_firstName_kosong" classname="com.apitesting.CreateUserTest" time="0.345"/>
  <testcase name="TC04_Dengan_email_yg_sudah_digunakan" classname="com.apitesting.CreateUserTest" time="0.332"/>
</testsuite>